[debug] [2021-07-06T18:36:34.243Z] ----------------------------------------------------------------------
[debug] [2021-07-06T18:36:34.245Z] Command:       C:\Program Files\nodejs\node.exe C:\Users\usuario\AppData\Roaming\npm\node_modules\firebase-tools\lib\bin\firebase.js init
[debug] [2021-07-06T18:36:34.246Z] CLI Version:   9.14.0
[debug] [2021-07-06T18:36:34.246Z] Platform:      win32
[debug] [2021-07-06T18:36:34.246Z] Node Version:  v14.17.1
[debug] [2021-07-06T18:36:34.247Z] Time:          Tue Jul 06 2021 15:36:34 GMT-0300 (hora estándar de Argentina)
[debug] [2021-07-06T18:36:34.248Z] ----------------------------------------------------------------------
[debug] 
[debug] [2021-07-06T18:36:34.256Z] > command requires scopes: ["email","openid","https://www.googleapis.com/auth/cloudplatformprojects.readonly","https://www.googleapis.com/auth/firebase","https://www.googleapis.com/auth/cloud-platform"]
[debug] [2021-07-06T18:36:34.256Z] > authorizing via signed-in user (simonreig@gmail.com)
[info] 
     ######## #### ########  ######## ########     ###     ######  ########
     ##        ##  ##     ## ##       ##     ##  ##   ##  ##       ##
     ######    ##  ########  ######   ########  #########  ######  ######
     ##        ##  ##    ##  ##       ##     ## ##     ##       ## ##
     ##       #### ##     ## ######## ########  ##     ##  ######  ########

You're about to initialize a Firebase project in this directory:

  C:\Users\usuario\Desktop\Angular\rickymorty

[info] 
=== Project Setup
[info] 
[info] First, let's associate this project directory with a Firebase project.
[info] You can create multiple project aliases by running firebase use --add, 
[info] but for now we'll just set up a default project.
[info] 
[debug] [2021-07-06T18:37:02.130Z] >>> [apiv2][query] GET https://firebase.googleapis.com/v1beta1/projects pageSize=100
[debug] [2021-07-06T18:37:03.284Z] <<< [apiv2][status] GET https://firebase.googleapis.com/v1beta1/projects 200
[debug] [2021-07-06T18:37:03.284Z] <<< [apiv2][body] GET https://firebase.googleapis.com/v1beta1/projects [omitted]
[debug] [2021-07-06T18:37:26.071Z] ----------------------------------------------------------------------
[debug] [2021-07-06T18:37:26.074Z] Command:       C:\Program Files\nodejs\node.exe C:\Users\usuario\AppData\Roaming\npm\node_modules\firebase-tools\lib\bin\firebase.js init
[debug] [2021-07-06T18:37:26.074Z] CLI Version:   9.14.0
[debug] [2021-07-06T18:37:26.075Z] Platform:      win32
[debug] [2021-07-06T18:37:26.075Z] Node Version:  v14.17.1
[debug] [2021-07-06T18:37:26.076Z] Time:          Tue Jul 06 2021 15:37:26 GMT-0300 (hora estándar de Argentina)
[debug] [2021-07-06T18:37:26.076Z] ----------------------------------------------------------------------
[debug] 
[debug] [2021-07-06T18:37:26.091Z] > command requires scopes: ["email","openid","https://www.googleapis.com/auth/cloudplatformprojects.readonly","https://www.googleapis.com/auth/firebase","https://www.googleapis.com/auth/cloud-platform"]
[debug] [2021-07-06T18:37:26.092Z] > authorizing via signed-in user (simonreig@gmail.com)
[info] 
     ######## #### ########  ######## ########     ###     ######  ########
     ##        ##  ##     ## ##       ##     ##  ##   ##  ##       ##
     ######    ##  ########  ######   ########  #########  ######  ######
     ##        ##  ##    ##  ##       ##     ## ##     ##       ## ##
     ##       #### ##     ## ######## ########  ##     ##  ######  ########

You're about to initialize a Firebase project in this directory:

  C:\Users\usuario\Desktop\Angular\rickymorty

[info] 
=== Project Setup
[info] 
[info] First, let's associate this project directory with a Firebase project.
[info] You can create multiple project aliases by running firebase use --add, 
[info] but for now we'll just set up a default project.
[info] 
[debug] [2021-07-06T18:37:36.989Z] >>> [apiv2][query] GET https://firebase.googleapis.com/v1beta1/projects pageSize=100
[debug] [2021-07-06T18:37:38.106Z] <<< [apiv2][status] GET https://firebase.googleapis.com/v1beta1/projects 200
[debug] [2021-07-06T18:37:38.107Z] <<< [apiv2][body] GET https://firebase.googleapis.com/v1beta1/projects [omitted]
[info] i  Using project login-app-3ccbf (rickymortiy) 
[info] 
=== Hosting:github Setup
[info] 
[info] i  Detected a .git folder at C:\Users\usuario\Desktop\Angular\rickymorty 
[info] i  Authorizing with GitHub to upload your service account to a GitHub repository's secrets store. 
[info] 
[info] Visit this URL on this device to log in:
[info] https://github.com/login/oauth/authorize?client_id=89cf50f02ac6aaed3484&state=609259122&redirect_uri=http%3A%2F%2Flocalhost%3A9005&scope=read%3Auser%20repo%20public_repo
[info] 
[info] Waiting for authentication...
